[debug] [2021-04-26T00:06:09.526Z] ----------------------------------------------------------------------
[debug] [2021-04-26T00:06:09.528Z] Command:       C:\Program Files\nodejs\node.exe C:\Users\sansy\AppData\Roaming\npm\node_modules\firebase-tools\lib\bin\firebase.js deploy
[debug] [2021-04-26T00:06:09.528Z] CLI Version:   8.18.0
[debug] [2021-04-26T00:06:09.528Z] Platform:      win32
[debug] [2021-04-26T00:06:09.528Z] Node Version:  v14.9.0
[debug] [2021-04-26T00:06:09.529Z] Time:          Sun Apr 25 2021 20:06:09 GMT-0400 (Eastern Daylight Time)
[debug] [2021-04-26T00:06:09.529Z] ----------------------------------------------------------------------
[debug] [2021-04-26T00:06:09.530Z] 
[debug] [2021-04-26T00:06:09.537Z] > command requires scopes: ["email","openid","https://www.googleapis.com/auth/cloudplatformprojects.readonly","https://www.googleapis.com/auth/firebase","https://www.googleapis.com/auth/cloud-platform"]
[debug] [2021-04-26T00:06:09.538Z] > authorizing via signed-in user
[debug] [2021-04-26T00:06:09.538Z] [iam] checking project clone-c6527 for permissions ["cloudfunctions.functions.create","cloudfunctions.functions.delete","cloudfunctions.functions.get","cloudfunctions.functions.list","cloudfunctions.functions.update","cloudfunctions.operations.get","firebase.projects.get","firebasehosting.sites.update"]
[debug] [2021-04-26T00:06:09.540Z] >>> HTTP REQUEST POST https://cloudresourcemanager.googleapis.com/v1/projects/clone-c6527:testIamPermissions  
 {"permissions":["cloudfunctions.functions.create","cloudfunctions.functions.delete","cloudfunctions.functions.get","cloudfunctions.functions.list","cloudfunctions.functions.update","cloudfunctions.operations.get","firebase.projects.get","firebasehosting.sites.update"]}
[debug] [2021-04-26T00:06:09.637Z] <<< HTTP RESPONSE 200 {"content-type":"application/json; charset=UTF-8","vary":"X-Origin, Referer, Origin,Accept-Encoding","date":"Mon, 26 Apr 2021 00:06:09 GMT","server":"ESF","cache-control":"private","x-xss-protection":"0","x-frame-options":"SAMEORIGIN","x-content-type-options":"nosniff","server-timing":"gfet4t7; dur=37","alt-svc":"h3-29=\":443\"; ma=2592000,h3-T051=\":443\"; ma=2592000,h3-Q050=\":443\"; ma=2592000,h3-Q046=\":443\"; ma=2592000,h3-Q043=\":443\"; ma=2592000,quic=\":443\"; ma=2592000; v=\"46,43\"","accept-ranges":"none","transfer-encoding":"chunked"}
[debug] [2021-04-26T00:06:09.638Z] >>> HTTP REQUEST POST https://iam.googleapis.com/v1/projects/clone-c6527/serviceAccounts/clone-c6527@appspot.gserviceaccount.com:testIamPermissions  
 {"permissions":["iam.serviceAccounts.actAs"]}
[debug] [2021-04-26T00:06:09.768Z] <<< HTTP RESPONSE 200 {"content-type":"application/json; charset=UTF-8","vary":"X-Origin, Referer, Origin,Accept-Encoding","date":"Mon, 26 Apr 2021 00:06:09 GMT","server":"ESF","cache-control":"private","x-xss-protection":"0","x-frame-options":"SAMEORIGIN","x-content-type-options":"nosniff","alt-svc":"h3-29=\":443\"; ma=2592000,h3-T051=\":443\"; ma=2592000,h3-Q050=\":443\"; ma=2592000,h3-Q046=\":443\"; ma=2592000,h3-Q043=\":443\"; ma=2592000,quic=\":443\"; ma=2592000; v=\"46,43\"","accept-ranges":"none","transfer-encoding":"chunked"}
[debug] [2021-04-26T00:06:09.771Z] >>> HTTP REQUEST GET https://firebase.googleapis.com/v1beta1/projects/clone-c6527  
 
[debug] [2021-04-26T00:06:09.913Z] <<< HTTP RESPONSE 200 {"content-type":"application/json; charset=UTF-8","vary":"X-Origin, Referer, Origin,Accept-Encoding","date":"Mon, 26 Apr 2021 00:06:09 GMT","server":"ESF","cache-control":"private","x-xss-protection":"0","x-frame-options":"SAMEORIGIN","x-content-type-options":"nosniff","alt-svc":"h3-29=\":443\"; ma=2592000,h3-T051=\":443\"; ma=2592000,h3-Q050=\":443\"; ma=2592000,h3-Q046=\":443\"; ma=2592000,h3-Q043=\":443\"; ma=2592000,quic=\":443\"; ma=2592000; v=\"46,43\"","accept-ranges":"none","transfer-encoding":"chunked"}
[info] 
[info] === Deploying to 'clone-c6527'...
[info] 
[info] i  deploying functions, hosting 
[info] Running command: npm --prefix "$RESOURCE_DIR" run lint
[info] +  functions: Finished running predeploy script. 
[debug] [2021-04-26T00:06:16.600Z] > [functions] package.json contents: {
  "name": "functions",
  "description": "Cloud Functions for Firebase",
  "scripts": {
    "lint": "eslint .",
    "serve": "firebase emulators:start --only functions",
    "shell": "firebase functions:shell",
    "start": "npm run shell",
    "deploy": "firebase deploy --only functions",
    "logs": "firebase functions:log"
  },
  "engines": {
    "node": "12"
  },
  "main": "index.js",
  "dependencies": {
    "cors": "^2.8.5",
    "express": "^4.17.1",
    "firebase-admin": "^9.2.0",
    "firebase-functions": "^3.13.2",
    "stripe": "^8.145.0"
  },
  "devDependencies": {
    "eslint": "^5.12.0",
    "eslint-plugin-promise": "^4.0.1",
    "firebase-functions-test": "^0.2.0"
  },
  "private": true
}
[info] i  functions: ensuring required API cloudfunctions.googleapis.com is enabled... 
[info] i  functions: ensuring required API cloudbuild.googleapis.com is enabled... 
[debug] [2021-04-26T00:06:18.002Z] >>> HTTP REQUEST GET https://serviceusage.googleapis.com/v1/projects/clone-c6527/services/cloudfunctions.googleapis.com  
 
[debug] [2021-04-26T00:06:18.003Z] >>> HTTP REQUEST GET https://serviceusage.googleapis.com/v1/projects/clone-c6527/services/runtimeconfig.googleapis.com  
 
[debug] [2021-04-26T00:06:18.003Z] >>> HTTP REQUEST GET https://serviceusage.googleapis.com/v1/projects/clone-c6527/services/cloudbuild.googleapis.com  
 
[debug] [2021-04-26T00:06:18.412Z] <<< HTTP RESPONSE 200 {"content-type":"application/json; charset=UTF-8","vary":"X-Origin, Referer, Origin,Accept-Encoding","date":"Mon, 26 Apr 2021 00:06:18 GMT","server":"ESF","cache-control":"private","x-xss-protection":"0","x-frame-options":"SAMEORIGIN","x-content-type-options":"nosniff","alt-svc":"h3-29=\":443\"; ma=2592000,h3-T051=\":443\"; ma=2592000,h3-Q050=\":443\"; ma=2592000,h3-Q046=\":443\"; ma=2592000,h3-Q043=\":443\"; ma=2592000,quic=\":443\"; ma=2592000; v=\"46,43\"","accept-ranges":"none","transfer-encoding":"chunked"}
[debug] [2021-04-26T00:06:18.573Z] <<< HTTP RESPONSE 200 {"content-type":"application/json; charset=UTF-8","vary":"X-Origin, Referer, Origin,Accept-Encoding","date":"Mon, 26 Apr 2021 00:06:18 GMT","server":"ESF","cache-control":"private","x-xss-protection":"0","x-frame-options":"SAMEORIGIN","x-content-type-options":"nosniff","alt-svc":"h3-29=\":443\"; ma=2592000,h3-T051=\":443\"; ma=2592000,h3-Q050=\":443\"; ma=2592000,h3-Q046=\":443\"; ma=2592000,h3-Q043=\":443\"; ma=2592000,quic=\":443\"; ma=2592000; v=\"46,43\"","accept-ranges":"none","transfer-encoding":"chunked"}
[info] +  functions: required API cloudfunctions.googleapis.com is enabled 
[debug] [2021-04-26T00:06:18.691Z] <<< HTTP RESPONSE 200 {"content-type":"application/json; charset=UTF-8","vary":"X-Origin, Referer, Origin,Accept-Encoding","date":"Mon, 26 Apr 2021 00:06:18 GMT","server":"ESF","cache-control":"private","x-xss-protection":"0","x-frame-options":"SAMEORIGIN","x-content-type-options":"nosniff","alt-svc":"h3-29=\":443\"; ma=2592000,h3-T051=\":443\"; ma=2592000,h3-Q050=\":443\"; ma=2592000,h3-Q046=\":443\"; ma=2592000,h3-Q043=\":443\"; ma=2592000,quic=\":443\"; ma=2592000; v=\"46,43\"","accept-ranges":"none","transfer-encoding":"chunked"}
[info] +  functions: required API cloudbuild.googleapis.com is enabled 
[debug] [2021-04-26T00:06:18.692Z] >>> HTTP REQUEST GET https://firebase.googleapis.com/v1beta1/projects/clone-c6527/adminSdkConfig  
 
[debug] [2021-04-26T00:06:18.863Z] <<< HTTP RESPONSE 200 {"content-type":"application/json; charset=UTF-8","vary":"X-Origin, Referer, Origin,Accept-Encoding","date":"Mon, 26 Apr 2021 00:06:18 GMT","server":"ESF","cache-control":"private","x-xss-protection":"0","x-frame-options":"SAMEORIGIN","x-content-type-options":"nosniff","alt-svc":"h3-29=\":443\"; ma=2592000,h3-T051=\":443\"; ma=2592000,h3-Q050=\":443\"; ma=2592000,h3-Q046=\":443\"; ma=2592000,h3-Q043=\":443\"; ma=2592000,quic=\":443\"; ma=2592000; v=\"46,43\"","accept-ranges":"none","transfer-encoding":"chunked"}
[debug] [2021-04-26T00:06:18.865Z] >>> HTTP REQUEST POST https://firebasehosting.googleapis.com/v1beta1/sites/clone-c6527/versions  
 {"config":{"rewrites":[{"glob":"**","path":"/index.html"}]},"labels":{"deployment-tool":"cli-firebase"}}
[debug] [2021-04-26T00:06:19.528Z] <<< HTTP RESPONSE 200 {"content-type":"application/json; charset=UTF-8","vary":"X-Origin, Referer, Origin,Accept-Encoding","date":"Mon, 26 Apr 2021 00:06:19 GMT","server":"ESF","cache-control":"private","x-xss-protection":"0","x-frame-options":"SAMEORIGIN","x-content-type-options":"nosniff","alt-svc":"h3-29=\":443\"; ma=2592000,h3-T051=\":443\"; ma=2592000,h3-Q050=\":443\"; ma=2592000,h3-Q046=\":443\"; ma=2592000,h3-Q043=\":443\"; ma=2592000,quic=\":443\"; ma=2592000; v=\"46,43\"","accept-ranges":"none","transfer-encoding":"chunked"}
[info] i  functions: preparing functions directory for uploading... 
[debug] [2021-04-26T00:06:19.531Z] >>> HTTP REQUEST GET https://runtimeconfig.googleapis.com/v1beta1/projects/clone-c6527/configs  
 
[debug] [2021-04-26T00:06:20.027Z] <<< HTTP RESPONSE 200 {"content-type":"application/json; charset=UTF-8","vary":"X-Origin, Referer, Origin,Accept-Encoding","date":"Mon, 26 Apr 2021 00:06:19 GMT","server":"ESF","cache-control":"private","x-xss-protection":"0","x-frame-options":"SAMEORIGIN","x-content-type-options":"nosniff","alt-svc":"h3-29=\":443\"; ma=2592000,h3-T051=\":443\"; ma=2592000,h3-Q050=\":443\"; ma=2592000,h3-Q046=\":443\"; ma=2592000,h3-Q043=\":443\"; ma=2592000,quic=\":443\"; ma=2592000; v=\"46,43\"","accept-ranges":"none","transfer-encoding":"chunked"}
[info] i  functions: packaged functions (34.23 KB) for uploading 
[debug] [2021-04-26T00:06:20.314Z] >>> HTTP REQUEST GET https://cloudfunctions.googleapis.com/v1/projects/clone-c6527/locations/-/functions  
 
[debug] [2021-04-26T00:06:20.812Z] <<< HTTP RESPONSE 200 {"content-type":"application/json; charset=UTF-8","vary":"X-Origin, Referer, Origin,Accept-Encoding","date":"Mon, 26 Apr 2021 00:06:20 GMT","server":"ESF","cache-control":"private","x-xss-protection":"0","x-frame-options":"SAMEORIGIN","x-content-type-options":"nosniff","alt-svc":"h3-29=\":443\"; ma=2592000,h3-T051=\":443\"; ma=2592000,h3-Q050=\":443\"; ma=2592000,h3-Q046=\":443\"; ma=2592000,h3-Q043=\":443\"; ma=2592000,quic=\":443\"; ma=2592000; v=\"46,43\"","accept-ranges":"none","transfer-encoding":"chunked"}
[debug] [2021-04-26T00:06:20.819Z] >>> HTTP REQUEST POST https://cloudfunctions.googleapis.com/v1/projects/clone-c6527/locations/us-central1/functions:generateUploadUrl  
 
[debug] [2021-04-26T00:06:21.388Z] <<< HTTP RESPONSE 200 {"content-type":"application/json; charset=UTF-8","vary":"X-Origin, Referer, Origin,Accept-Encoding","date":"Mon, 26 Apr 2021 00:06:21 GMT","server":"ESF","cache-control":"private","x-xss-protection":"0","x-frame-options":"SAMEORIGIN","x-content-type-options":"nosniff","alt-svc":"h3-29=\":443\"; ma=2592000,h3-T051=\":443\"; ma=2592000,h3-Q050=\":443\"; ma=2592000,h3-Q046=\":443\"; ma=2592000,h3-Q043=\":443\"; ma=2592000,quic=\":443\"; ma=2592000; v=\"46,43\"","accept-ranges":"none","transfer-encoding":"chunked"}
[debug] [2021-04-26T00:06:21.389Z] >>> HTTP REQUEST PUT https://storage.googleapis.com/gcf-upload-us-central1-47f675e6-46f9-46b8-8e83-ada3e8d73512/b4ac6dab-6042-4df7-bb2b-84112f05204c.zip?GoogleAccessId=service-822773942353@gcf-admin-robot.iam.gserviceaccount.com&Expires=1619397381&Signature=S5Tyk8WSjvpgGDtb7KEqI9XVuo49wgyzqF%2BKpSd7jvdyQfDdbUscHTeHf2psH1SJ5yc2IJ0uU%2FP%2BRzZYUlsIL3JasxYLI1UuSEl3FX7Jve2AeUuKOfeB%2ForPm8xYQyYNy9rXpupEIzWNxvUrPQGf2XnYrxPzZKHxjSIvUbncXssjbUUM0x3ZSRv6mSPuUVvEQjAMd8jaA5C2092eS8U8BOaSLLi0i7fURG0v58%2BB0JniOMoZbwQA87LMKaTLr%2BGtSHyKjauNWTl4UVKfOyT5o8y%2B7%2FmNnECWiXuW14W1KI4Gu8ycKIux8MY2XfK2b9vei3eKCVK7GYu129lQMIla2g%3D%3D  
 <request body omitted>
[debug] [2021-04-26T00:06:21.548Z] <<< HTTP RESPONSE 200 {"x-guploader-uploadid":"ABg5-Uy6qm4nBfDGCGHsxzohxgpgoOC0DNDFKPBaD-EkTA692Cd7qnj95H_OuhoYLMvlofZ_ECiZssvy3uQsiaxexiOVz6X-dg","etag":"\"dde1a821f732dc951027c3efc2f91874\"","x-goog-generation":"1619395581237692","x-goog-metageneration":"1","x-goog-hash":"crc32c=5beyAQ==, md5=3eGoIfcy3JUQJ8PvwvkYdA==","x-goog-stored-content-length":"35052","x-goog-stored-content-encoding":"identity","vary":"Origin","content-length":"0","date":"Mon, 26 Apr 2021 00:06:21 GMT","server":"UploadServer","content-type":"text/html; charset=UTF-8","alt-svc":"h3-29=\":443\"; ma=2592000,h3-T051=\":443\"; ma=2592000,h3-Q050=\":443\"; ma=2592000,h3-Q046=\":443\"; ma=2592000,h3-Q043=\":443\"; ma=2592000,quic=\":443\"; ma=2592000; v=\"46,43\""}
[info] +  functions: functions folder uploaded successfully 
[info] i  hosting[clone-c6527]: beginning deploy... 
[info] i  hosting[clone-c6527]: found 18 files in build 
[debug] [2021-04-26T00:06:22.178Z] > refreshing access token with scopes: []
[debug] [2021-04-26T00:06:22.178Z] >>> HTTP REQUEST POST https://www.googleapis.com/oauth2/v3/token  
 <request body omitted>
[debug] [2021-04-26T00:06:22.180Z] [hosting] hash cache [YnVpbGQ] stored for 18 files
[debug] [2021-04-26T00:06:22.180Z] [hosting][hash queue][FINAL] {"max":612,"min":3,"avg":41.44444444444444,"active":0,"complete":18,"success":18,"errored":0,"retried":0,"total":18,"elapsed":617}
[debug] [2021-04-26T00:06:22.244Z] <<< HTTP RESPONSE 200 {"date":"Mon, 26 Apr 2021 00:06:21 GMT","cache-control":"no-cache, no-store, max-age=0, must-revalidate","expires":"Mon, 01 Jan 1990 00:00:00 GMT","pragma":"no-cache","content-type":"application/json; charset=utf-8","vary":"X-Origin, Referer, Origin,Accept-Encoding","server":"scaffolding on HTTPServer2","x-xss-protection":"0","x-frame-options":"SAMEORIGIN","x-content-type-options":"nosniff","alt-svc":"h3-29=\":443\"; ma=2592000,h3-T051=\":443\"; ma=2592000,h3-Q050=\":443\"; ma=2592000,h3-Q046=\":443\"; ma=2592000,h3-Q043=\":443\"; ma=2592000,quic=\":443\"; ma=2592000; v=\"46,43\"","accept-ranges":"none","transfer-encoding":"chunked"}
[debug] [2021-04-26T00:06:22.250Z] >>> [apiv2][query] POST https://firebasehosting.googleapis.com/v1beta1/sites/clone-c6527/versions/3bdc825c2f20963e:populateFiles [none]
[debug] [2021-04-26T00:06:22.250Z] >>> [apiv2][body] POST https://firebasehosting.googleapis.com/v1beta1/sites/clone-c6527/versions/3bdc825c2f20963e:populateFiles {"files":{"/favicon.ico":"d96ddbc4933b04e12c738ab39f469573143949ca2c39eda0a49d16f83d40c319","/logo192.png":"3ee59515172ee198f3be375979df15ac5345183e656720a381b8872b2a39dc8b","/logo512.png":"ee7e2f3fdb8209c4b6fd7bef6ba50d1b9dba30a25bb5c3126df057e1cb6f5331","/manifest.json":"aff3449bdc238776f5d6d967f19ec491b36aed5fb7f23ccff6500736fd58494a","/robots.txt":"bfe106a3fb878dc83461c86818bf74fc1bdc7f28538ba613cd3e775516ce8b49","/index.html":"e7daf9f1aae9ddce851f37cce4ef1c56915e59ca87bc054999c90111fd77ea13","/asset-manifest.json":"e1452e748bbacd5a9eff2ed372b8f523908f7b68d9c3a15159048798ca9dde70","/precache-manifest.01803a1715165072eda2bb28366eda2c.js":"2780c1460292e4fba8dc47198cb1da48aa8a0647abdc46b3717a7cf6b1659b4a","/service-worker.js":"bc78b5447f974e546f7e1dd0c48a2f4210e4c2e5dba5604de2fc63150f17dd94","/static/css/main.49448044.chunk.css":"b0c609f8edb9747021d0f339d528003b850aa8fe2b280b035dbd8c9700f20c53","/static/js/2.41d785b0.chunk.js.LICENSE.txt":"6d9b1196cf8bf36ff2875b27d9223b7f07bac72ca3a8c0507eac6e9cafd64a11","/static/css/main.49448044.chunk.css.map":"8087067fa119f36eb7150fd0f4dcf3a8317c366d3ed26c6193233e5aca4a75d1","/static/js/main.1de49fe3.chunk.js":"7dcafe05b4ff21a54e0b68d0547ed5461bef22a82cf34bb54395e0ef1f3d694f","/static/js/runtime-main.49627031.js":"512754894a6a72a17595ca204634c1d0bc842e13b8d01a6f819892351b600477","/static/js/runtime-main.49627031.js.map":"a1c148cc9d0e936e5e267355eb2d229d0d830bd2d9479d822d12c1e6160b3e6d","/static/js/main.1de49fe3.chunk.js.map":"e30743624e58beaf43f36c710a7f1e05f65cc78042ae247d4d6622d7843d4d71","/static/js/2.41d785b0.chunk.js":"1c37800e611dc18d4aac5a41af997ea7b45bb6ea65096a0311aacb593a2c7433","/static/js/2.41d785b0.chunk.js.map":"156af1a9ea268a976c77a528546722bdbec57beb6242af9d174361918d9c2c17"}}
[debug] [2021-04-26T00:06:22.729Z] <<< [apiv2][status] POST https://firebasehosting.googleapis.com/v1beta1/sites/clone-c6527/versions/3bdc825c2f20963e:populateFiles 200
[debug] [2021-04-26T00:06:22.729Z] <<< [apiv2][body] POST https://firebasehosting.googleapis.com/v1beta1/sites/clone-c6527/versions/3bdc825c2f20963e:populateFiles {"uploadRequiredHashes":["156af1a9ea268a976c77a528546722bdbec57beb6242af9d174361918d9c2c17","1c37800e611dc18d4aac5a41af997ea7b45bb6ea65096a0311aacb593a2c7433","2780c1460292e4fba8dc47198cb1da48aa8a0647abdc46b3717a7cf6b1659b4a","e1452e748bbacd5a9eff2ed372b8f523908f7b68d9c3a15159048798ca9dde70","e30743624e58beaf43f36c710a7f1e05f65cc78042ae247d4d6622d7843d4d71","b0c609f8edb9747021d0f339d528003b850aa8fe2b280b035dbd8c9700f20c53","bc78b5447f974e546f7e1dd0c48a2f4210e4c2e5dba5604de2fc63150f17dd94","8087067fa119f36eb7150fd0f4dcf3a8317c366d3ed26c6193233e5aca4a75d1","7dcafe05b4ff21a54e0b68d0547ed5461bef22a82cf34bb54395e0ef1f3d694f"],"uploadUrl":"https://upload-firebasehosting.googleapis.com/upload/sites/clone-c6527/versions/3bdc825c2f20963e/files"}
[debug] [2021-04-26T00:06:22.731Z] >>> [apiv2][query] POST https://upload-firebasehosting.googleapis.com/upload/sites/clone-c6527/versions/3bdc825c2f20963e/files/156af1a9ea268a976c77a528546722bdbec57beb6242af9d174361918d9c2c17 [none]
[debug] [2021-04-26T00:06:22.731Z] >>> [apiv2][body] POST https://upload-firebasehosting.googleapis.com/upload/sites/clone-c6527/versions/3bdc825c2f20963e/files/156af1a9ea268a976c77a528546722bdbec57beb6242af9d174361918d9c2c17 [stream]
[debug] [2021-04-26T00:06:22.732Z] >>> [apiv2][query] POST https://upload-firebasehosting.googleapis.com/upload/sites/clone-c6527/versions/3bdc825c2f20963e/files/1c37800e611dc18d4aac5a41af997ea7b45bb6ea65096a0311aacb593a2c7433 [none]
[debug] [2021-04-26T00:06:22.732Z] >>> [apiv2][body] POST https://upload-firebasehosting.googleapis.com/upload/sites/clone-c6527/versions/3bdc825c2f20963e/files/1c37800e611dc18d4aac5a41af997ea7b45bb6ea65096a0311aacb593a2c7433 [stream]
[debug] [2021-04-26T00:06:22.732Z] >>> [apiv2][query] POST https://upload-firebasehosting.googleapis.com/upload/sites/clone-c6527/versions/3bdc825c2f20963e/files/2780c1460292e4fba8dc47198cb1da48aa8a0647abdc46b3717a7cf6b1659b4a [none]
[debug] [2021-04-26T00:06:22.732Z] >>> [apiv2][body] POST https://upload-firebasehosting.googleapis.com/upload/sites/clone-c6527/versions/3bdc825c2f20963e/files/2780c1460292e4fba8dc47198cb1da48aa8a0647abdc46b3717a7cf6b1659b4a [stream]
[debug] [2021-04-26T00:06:22.733Z] >>> [apiv2][query] POST https://upload-firebasehosting.googleapis.com/upload/sites/clone-c6527/versions/3bdc825c2f20963e/files/e1452e748bbacd5a9eff2ed372b8f523908f7b68d9c3a15159048798ca9dde70 [none]
[debug] [2021-04-26T00:06:22.733Z] >>> [apiv2][body] POST https://upload-firebasehosting.googleapis.com/upload/sites/clone-c6527/versions/3bdc825c2f20963e/files/e1452e748bbacd5a9eff2ed372b8f523908f7b68d9c3a15159048798ca9dde70 [stream]
[debug] [2021-04-26T00:06:22.733Z] >>> [apiv2][query] POST https://upload-firebasehosting.googleapis.com/upload/sites/clone-c6527/versions/3bdc825c2f20963e/files/e30743624e58beaf43f36c710a7f1e05f65cc78042ae247d4d6622d7843d4d71 [none]
[debug] [2021-04-26T00:06:22.733Z] >>> [apiv2][body] POST https://upload-firebasehosting.googleapis.com/upload/sites/clone-c6527/versions/3bdc825c2f20963e/files/e30743624e58beaf43f36c710a7f1e05f65cc78042ae247d4d6622d7843d4d71 [stream]
[debug] [2021-04-26T00:06:22.734Z] >>> [apiv2][query] POST https://upload-firebasehosting.googleapis.com/upload/sites/clone-c6527/versions/3bdc825c2f20963e/files/b0c609f8edb9747021d0f339d528003b850aa8fe2b280b035dbd8c9700f20c53 [none]
[debug] [2021-04-26T00:06:22.734Z] >>> [apiv2][body] POST https://upload-firebasehosting.googleapis.com/upload/sites/clone-c6527/versions/3bdc825c2f20963e/files/b0c609f8edb9747021d0f339d528003b850aa8fe2b280b035dbd8c9700f20c53 [stream]
[debug] [2021-04-26T00:06:22.734Z] >>> [apiv2][query] POST https://upload-firebasehosting.googleapis.com/upload/sites/clone-c6527/versions/3bdc825c2f20963e/files/bc78b5447f974e546f7e1dd0c48a2f4210e4c2e5dba5604de2fc63150f17dd94 [none]
[debug] [2021-04-26T00:06:22.734Z] >>> [apiv2][body] POST https://upload-firebasehosting.googleapis.com/upload/sites/clone-c6527/versions/3bdc825c2f20963e/files/bc78b5447f974e546f7e1dd0c48a2f4210e4c2e5dba5604de2fc63150f17dd94 [stream]
[debug] [2021-04-26T00:06:22.735Z] >>> [apiv2][query] POST https://upload-firebasehosting.googleapis.com/upload/sites/clone-c6527/versions/3bdc825c2f20963e/files/8087067fa119f36eb7150fd0f4dcf3a8317c366d3ed26c6193233e5aca4a75d1 [none]
[debug] [2021-04-26T00:06:22.735Z] >>> [apiv2][body] POST https://upload-firebasehosting.googleapis.com/upload/sites/clone-c6527/versions/3bdc825c2f20963e/files/8087067fa119f36eb7150fd0f4dcf3a8317c366d3ed26c6193233e5aca4a75d1 [stream]
[debug] [2021-04-26T00:06:22.735Z] >>> [apiv2][query] POST https://upload-firebasehosting.googleapis.com/upload/sites/clone-c6527/versions/3bdc825c2f20963e/files/7dcafe05b4ff21a54e0b68d0547ed5461bef22a82cf34bb54395e0ef1f3d694f [none]
[debug] [2021-04-26T00:06:22.735Z] >>> [apiv2][body] POST https://upload-firebasehosting.googleapis.com/upload/sites/clone-c6527/versions/3bdc825c2f20963e/files/7dcafe05b4ff21a54e0b68d0547ed5461bef22a82cf34bb54395e0ef1f3d694f [stream]
[debug] [2021-04-26T00:06:22.736Z] [hosting][populate queue][FINAL] {"max":553,"min":553,"avg":553,"active":0,"complete":1,"success":1,"errored":0,"retried":0,"total":1,"elapsed":558}
[debug] [2021-04-26T00:06:22.736Z] [hosting] uploads queued: 9
[debug] [2021-04-26T00:06:23.352Z] <<< [apiv2][status] POST https://upload-firebasehosting.googleapis.com/upload/sites/clone-c6527/versions/3bdc825c2f20963e/files/bc78b5447f974e546f7e1dd0c48a2f4210e4c2e5dba5604de2fc63150f17dd94 200
[debug] [2021-04-26T00:06:23.352Z] <<< [apiv2][body] POST https://upload-firebasehosting.googleapis.com/upload/sites/clone-c6527/versions/3bdc825c2f20963e/files/bc78b5447f974e546f7e1dd0c48a2f4210e4c2e5dba5604de2fc63150f17dd94 [stream]
[debug] [2021-04-26T00:06:23.432Z] <<< [apiv2][status] POST https://upload-firebasehosting.googleapis.com/upload/sites/clone-c6527/versions/3bdc825c2f20963e/files/7dcafe05b4ff21a54e0b68d0547ed5461bef22a82cf34bb54395e0ef1f3d694f 200
[debug] [2021-04-26T00:06:23.432Z] <<< [apiv2][body] POST https://upload-firebasehosting.googleapis.com/upload/sites/clone-c6527/versions/3bdc825c2f20963e/files/7dcafe05b4ff21a54e0b68d0547ed5461bef22a82cf34bb54395e0ef1f3d694f [stream]
[debug] [2021-04-26T00:06:23.607Z] <<< [apiv2][status] POST https://upload-firebasehosting.googleapis.com/upload/sites/clone-c6527/versions/3bdc825c2f20963e/files/8087067fa119f36eb7150fd0f4dcf3a8317c366d3ed26c6193233e5aca4a75d1 200
[debug] [2021-04-26T00:06:23.607Z] <<< [apiv2][body] POST https://upload-firebasehosting.googleapis.com/upload/sites/clone-c6527/versions/3bdc825c2f20963e/files/8087067fa119f36eb7150fd0f4dcf3a8317c366d3ed26c6193233e5aca4a75d1 [stream]
[debug] [2021-04-26T00:06:23.665Z] <<< [apiv2][status] POST https://upload-firebasehosting.googleapis.com/upload/sites/clone-c6527/versions/3bdc825c2f20963e/files/2780c1460292e4fba8dc47198cb1da48aa8a0647abdc46b3717a7cf6b1659b4a 200
[debug] [2021-04-26T00:06:23.665Z] <<< [apiv2][body] POST https://upload-firebasehosting.googleapis.com/upload/sites/clone-c6527/versions/3bdc825c2f20963e/files/2780c1460292e4fba8dc47198cb1da48aa8a0647abdc46b3717a7cf6b1659b4a [stream]
[debug] [2021-04-26T00:06:23.708Z] <<< [apiv2][status] POST https://upload-firebasehosting.googleapis.com/upload/sites/clone-c6527/versions/3bdc825c2f20963e/files/e30743624e58beaf43f36c710a7f1e05f65cc78042ae247d4d6622d7843d4d71 200
[debug] [2021-04-26T00:06:23.708Z] <<< [apiv2][body] POST https://upload-firebasehosting.googleapis.com/upload/sites/clone-c6527/versions/3bdc825c2f20963e/files/e30743624e58beaf43f36c710a7f1e05f65cc78042ae247d4d6622d7843d4d71 [stream]
[debug] [2021-04-26T00:06:23.734Z] <<< [apiv2][status] POST https://upload-firebasehosting.googleapis.com/upload/sites/clone-c6527/versions/3bdc825c2f20963e/files/e1452e748bbacd5a9eff2ed372b8f523908f7b68d9c3a15159048798ca9dde70 200
[debug] [2021-04-26T00:06:23.735Z] <<< [apiv2][body] POST https://upload-firebasehosting.googleapis.com/upload/sites/clone-c6527/versions/3bdc825c2f20963e/files/e1452e748bbacd5a9eff2ed372b8f523908f7b68d9c3a15159048798ca9dde70 [stream]
[debug] [2021-04-26T00:06:23.799Z] <<< [apiv2][status] POST https://upload-firebasehosting.googleapis.com/upload/sites/clone-c6527/versions/3bdc825c2f20963e/files/1c37800e611dc18d4aac5a41af997ea7b45bb6ea65096a0311aacb593a2c7433 200
[debug] [2021-04-26T00:06:23.799Z] <<< [apiv2][body] POST https://upload-firebasehosting.googleapis.com/upload/sites/clone-c6527/versions/3bdc825c2f20963e/files/1c37800e611dc18d4aac5a41af997ea7b45bb6ea65096a0311aacb593a2c7433 [stream]
[debug] [2021-04-26T00:06:23.839Z] <<< [apiv2][status] POST https://upload-firebasehosting.googleapis.com/upload/sites/clone-c6527/versions/3bdc825c2f20963e/files/b0c609f8edb9747021d0f339d528003b850aa8fe2b280b035dbd8c9700f20c53 200
[debug] [2021-04-26T00:06:23.840Z] <<< [apiv2][body] POST https://upload-firebasehosting.googleapis.com/upload/sites/clone-c6527/versions/3bdc825c2f20963e/files/b0c609f8edb9747021d0f339d528003b850aa8fe2b280b035dbd8c9700f20c53 [stream]
[debug] [2021-04-26T00:06:24.164Z] <<< [apiv2][status] POST https://upload-firebasehosting.googleapis.com/upload/sites/clone-c6527/versions/3bdc825c2f20963e/files/156af1a9ea268a976c77a528546722bdbec57beb6242af9d174361918d9c2c17 200
[debug] [2021-04-26T00:06:24.164Z] <<< [apiv2][body] POST https://upload-firebasehosting.googleapis.com/upload/sites/clone-c6527/versions/3bdc825c2f20963e/files/156af1a9ea268a976c77a528546722bdbec57beb6242af9d174361918d9c2c17 [stream]
[debug] [2021-04-26T00:06:24.165Z] [hosting][upload queue][FINAL] {"max":1436,"min":622,"avg":970.5555555555555,"active":0,"complete":9,"success":9,"errored":0,"retried":0,"total":9,"elapsed":1436}
[info] +  hosting[clone-c6527]: file upload complete 
[debug] [2021-04-26T00:06:24.168Z] [hosting] deploy completed after 2618ms
[info] i  functions: updating Node.js 12 function api(us-central1)... 
[debug] [2021-04-26T00:06:24.212Z] Trigger is:  {"httpsTrigger":{}}
[debug] [2021-04-26T00:06:24.213Z] > refreshing access token with scopes: ["email","https://www.googleapis.com/auth/cloud-platform","https://www.googleapis.com/auth/cloudplatformprojects.readonly","https://www.googleapis.com/auth/firebase","openid"]
[debug] [2021-04-26T00:06:24.213Z] >>> HTTP REQUEST POST https://www.googleapis.com/oauth2/v3/token  
 <request body omitted>
[debug] [2021-04-26T00:06:24.278Z] <<< HTTP RESPONSE 200 {"cache-control":"no-cache, no-store, max-age=0, must-revalidate","expires":"Mon, 01 Jan 1990 00:00:00 GMT","pragma":"no-cache","date":"Mon, 26 Apr 2021 00:06:23 GMT","content-type":"application/json; charset=utf-8","vary":"X-Origin, Referer, Origin,Accept-Encoding","server":"scaffolding on HTTPServer2","x-xss-protection":"0","x-frame-options":"SAMEORIGIN","x-content-type-options":"nosniff","alt-svc":"h3-29=\":443\"; ma=2592000,h3-T051=\":443\"; ma=2592000,h3-Q050=\":443\"; ma=2592000,h3-Q046=\":443\"; ma=2592000,h3-Q043=\":443\"; ma=2592000,quic=\":443\"; ma=2592000; v=\"46,43\"","accept-ranges":"none","transfer-encoding":"chunked"}
[debug] [2021-04-26T00:06:24.281Z] >>> HTTP REQUEST PATCH https://cloudfunctions.googleapis.com/v1/projects/clone-c6527/locations/us-central1/functions/api {"updateMask":"sourceUploadUrl,name,labels,runtime,environmentVariables,httpsTrigger"} 
 {"sourceUploadUrl":"https://storage.googleapis.com/gcf-upload-us-central1-47f675e6-46f9-46b8-8e83-ada3e8d73512/b4ac6dab-6042-4df7-bb2b-84112f05204c.zip?GoogleAccessId=service-822773942353@gcf-admin-robot.iam.gserviceaccount.com&Expires=1619397381&Signature=S5Tyk8WSjvpgGDtb7KEqI9XVuo49wgyzqF%2BKpSd7jvdyQfDdbUscHTeHf2psH1SJ5yc2IJ0uU%2FP%2BRzZYUlsIL3JasxYLI1UuSEl3FX7Jve2AeUuKOfeB%2ForPm8xYQyYNy9rXpupEIzWNxvUrPQGf2XnYrxPzZKHxjSIvUbncXssjbUUM0x3ZSRv6mSPuUVvEQjAMd8jaA5C2092eS8U8BOaSLLi0i7fURG0v58%2BB0JniOMoZbwQA87LMKaTLr%2BGtSHyKjauNWTl4UVKfOyT5o8y%2B7%2FmNnECWiXuW14W1KI4Gu8ycKIux8MY2XfK2b9vei3eKCVK7GYu129lQMIla2g%3D%3D","name":"projects/clone-c6527/locations/us-central1/functions/api","labels":{"deployment-tool":"cli-firebase"},"httpsTrigger":{},"runtime":"nodejs12","environmentVariables":{"FIREBASE_CONFIG":"{\"projectId\":\"clone-c6527\",\"databaseURL\":\"https://clone-c6527.firebaseio.com\",\"storageBucket\":\"clone-c6527.appspot.com\",\"locationId\":\"us-central\"}"}}
[debug] [2021-04-26T00:06:24.780Z] <<< HTTP RESPONSE 200 {"content-type":"application/json; charset=UTF-8","vary":"X-Origin, Referer, Origin,Accept-Encoding","date":"Mon, 26 Apr 2021 00:06:24 GMT","server":"ESF","cache-control":"private","x-xss-protection":"0","x-frame-options":"SAMEORIGIN","x-content-type-options":"nosniff","alt-svc":"h3-29=\":443\"; ma=2592000,h3-T051=\":443\"; ma=2592000,h3-Q050=\":443\"; ma=2592000,h3-Q046=\":443\"; ma=2592000,h3-Q043=\":443\"; ma=2592000,quic=\":443\"; ma=2592000; v=\"46,43\"","accept-ranges":"none","transfer-encoding":"chunked"}
[debug] [2021-04-26T00:06:24.783Z] >>> HTTP REQUEST GET https://cloudfunctions.googleapis.com/v1/projects/clone-c6527/locations/-/functions  
 
[debug] [2021-04-26T00:06:25.259Z] <<< HTTP RESPONSE 200 {"content-type":"application/json; charset=UTF-8","vary":"X-Origin, Referer, Origin,Accept-Encoding","date":"Mon, 26 Apr 2021 00:06:24 GMT","server":"ESF","cache-control":"private","x-xss-protection":"0","x-frame-options":"SAMEORIGIN","x-content-type-options":"nosniff","alt-svc":"h3-29=\":443\"; ma=2592000,h3-T051=\":443\"; ma=2592000,h3-Q050=\":443\"; ma=2592000,h3-Q046=\":443\"; ma=2592000,h3-Q043=\":443\"; ma=2592000,quic=\":443\"; ma=2592000; v=\"46,43\"","accept-ranges":"none","transfer-encoding":"chunked"}
[debug] [2021-04-26T00:06:25.262Z] >>> HTTP REQUEST GET https://cloudfunctions.googleapis.com/v1/operations/Y2xvbmUtYzY1MjcvdXMtY2VudHJhbDEvYXBpL0pmQlpWVUZYZGFB  
 
[debug] [2021-04-26T00:06:25.487Z] <<< HTTP RESPONSE 200 {"content-type":"application/json; charset=UTF-8","vary":"X-Origin, Referer, Origin,Accept-Encoding","date":"Mon, 26 Apr 2021 00:06:25 GMT","server":"ESF","cache-control":"private","x-xss-protection":"0","x-frame-options":"SAMEORIGIN","x-content-type-options":"nosniff","alt-svc":"h3-29=\":443\"; ma=2592000,h3-T051=\":443\"; ma=2592000,h3-Q050=\":443\"; ma=2592000,h3-Q046=\":443\"; ma=2592000,h3-Q043=\":443\"; ma=2592000,quic=\":443\"; ma=2592000; v=\"46,43\"","accept-ranges":"none","transfer-encoding":"chunked"}
[debug] [2021-04-26T00:06:27.489Z] >>> HTTP REQUEST GET https://cloudfunctions.googleapis.com/v1/operations/Y2xvbmUtYzY1MjcvdXMtY2VudHJhbDEvYXBpL0pmQlpWVUZYZGFB  
 
[debug] [2021-04-26T00:06:27.694Z] <<< HTTP RESPONSE 200 {"content-type":"application/json; charset=UTF-8","vary":"X-Origin, Referer, Origin,Accept-Encoding","date":"Mon, 26 Apr 2021 00:06:27 GMT","server":"ESF","cache-control":"private","x-xss-protection":"0","x-frame-options":"SAMEORIGIN","x-content-type-options":"nosniff","alt-svc":"h3-29=\":443\"; ma=2592000,h3-T051=\":443\"; ma=2592000,h3-Q050=\":443\"; ma=2592000,h3-Q046=\":443\"; ma=2592000,h3-Q043=\":443\"; ma=2592000,quic=\":443\"; ma=2592000; v=\"46,43\"","accept-ranges":"none","transfer-encoding":"chunked"}
[debug] [2021-04-26T00:06:29.694Z] >>> HTTP REQUEST GET https://cloudfunctions.googleapis.com/v1/operations/Y2xvbmUtYzY1MjcvdXMtY2VudHJhbDEvYXBpL0pmQlpWVUZYZGFB  
 
[debug] [2021-04-26T00:06:29.932Z] <<< HTTP RESPONSE 200 {"content-type":"application/json; charset=UTF-8","vary":"X-Origin, Referer, Origin,Accept-Encoding","date":"Mon, 26 Apr 2021 00:06:29 GMT","server":"ESF","cache-control":"private","x-xss-protection":"0","x-frame-options":"SAMEORIGIN","x-content-type-options":"nosniff","alt-svc":"h3-29=\":443\"; ma=2592000,h3-T051=\":443\"; ma=2592000,h3-Q050=\":443\"; ma=2592000,h3-Q046=\":443\"; ma=2592000,h3-Q043=\":443\"; ma=2592000,quic=\":443\"; ma=2592000; v=\"46,43\"","accept-ranges":"none","transfer-encoding":"chunked"}
[debug] [2021-04-26T00:06:31.933Z] >>> HTTP REQUEST GET https://cloudfunctions.googleapis.com/v1/operations/Y2xvbmUtYzY1MjcvdXMtY2VudHJhbDEvYXBpL0pmQlpWVUZYZGFB  
 
[debug] [2021-04-26T00:06:32.142Z] <<< HTTP RESPONSE 200 {"content-type":"application/json; charset=UTF-8","vary":"X-Origin, Referer, Origin,Accept-Encoding","date":"Mon, 26 Apr 2021 00:06:31 GMT","server":"ESF","cache-control":"private","x-xss-protection":"0","x-frame-options":"SAMEORIGIN","x-content-type-options":"nosniff","alt-svc":"h3-29=\":443\"; ma=2592000,h3-T051=\":443\"; ma=2592000,h3-Q050=\":443\"; ma=2592000,h3-Q046=\":443\"; ma=2592000,h3-Q043=\":443\"; ma=2592000,quic=\":443\"; ma=2592000; v=\"46,43\"","accept-ranges":"none","transfer-encoding":"chunked"}
[debug] [2021-04-26T00:06:34.144Z] >>> HTTP REQUEST GET https://cloudfunctions.googleapis.com/v1/operations/Y2xvbmUtYzY1MjcvdXMtY2VudHJhbDEvYXBpL0pmQlpWVUZYZGFB  
 
[debug] [2021-04-26T00:06:34.363Z] <<< HTTP RESPONSE 200 {"content-type":"application/json; charset=UTF-8","vary":"X-Origin, Referer, Origin,Accept-Encoding","date":"Mon, 26 Apr 2021 00:06:34 GMT","server":"ESF","cache-control":"private","x-xss-protection":"0","x-frame-options":"SAMEORIGIN","x-content-type-options":"nosniff","alt-svc":"h3-29=\":443\"; ma=2592000,h3-T051=\":443\"; ma=2592000,h3-Q050=\":443\"; ma=2592000,h3-Q046=\":443\"; ma=2592000,h3-Q043=\":443\"; ma=2592000,quic=\":443\"; ma=2592000; v=\"46,43\"","accept-ranges":"none","transfer-encoding":"chunked"}
[debug] [2021-04-26T00:06:36.365Z] >>> HTTP REQUEST GET https://cloudfunctions.googleapis.com/v1/operations/Y2xvbmUtYzY1MjcvdXMtY2VudHJhbDEvYXBpL0pmQlpWVUZYZGFB  
 
[debug] [2021-04-26T00:06:36.565Z] <<< HTTP RESPONSE 200 {"content-type":"application/json; charset=UTF-8","vary":"X-Origin, Referer, Origin,Accept-Encoding","date":"Mon, 26 Apr 2021 00:06:36 GMT","server":"ESF","cache-control":"private","x-xss-protection":"0","x-frame-options":"SAMEORIGIN","x-content-type-options":"nosniff","alt-svc":"h3-29=\":443\"; ma=2592000,h3-T051=\":443\"; ma=2592000,h3-Q050=\":443\"; ma=2592000,h3-Q046=\":443\"; ma=2592000,h3-Q043=\":443\"; ma=2592000,quic=\":443\"; ma=2592000; v=\"46,43\"","accept-ranges":"none","transfer-encoding":"chunked"}
[debug] [2021-04-26T00:06:38.565Z] >>> HTTP REQUEST GET https://cloudfunctions.googleapis.com/v1/operations/Y2xvbmUtYzY1MjcvdXMtY2VudHJhbDEvYXBpL0pmQlpWVUZYZGFB  
 
[debug] [2021-04-26T00:06:38.771Z] <<< HTTP RESPONSE 200 {"content-type":"application/json; charset=UTF-8","vary":"X-Origin, Referer, Origin,Accept-Encoding","date":"Mon, 26 Apr 2021 00:06:38 GMT","server":"ESF","cache-control":"private","x-xss-protection":"0","x-frame-options":"SAMEORIGIN","x-content-type-options":"nosniff","alt-svc":"h3-29=\":443\"; ma=2592000,h3-T051=\":443\"; ma=2592000,h3-Q050=\":443\"; ma=2592000,h3-Q046=\":443\"; ma=2592000,h3-Q043=\":443\"; ma=2592000,quic=\":443\"; ma=2592000; v=\"46,43\"","accept-ranges":"none","transfer-encoding":"chunked"}
[debug] [2021-04-26T00:06:40.772Z] >>> HTTP REQUEST GET https://cloudfunctions.googleapis.com/v1/operations/Y2xvbmUtYzY1MjcvdXMtY2VudHJhbDEvYXBpL0pmQlpWVUZYZGFB  
 
[debug] [2021-04-26T00:06:40.990Z] <<< HTTP RESPONSE 200 {"content-type":"application/json; charset=UTF-8","vary":"X-Origin, Referer, Origin,Accept-Encoding","date":"Mon, 26 Apr 2021 00:06:40 GMT","server":"ESF","cache-control":"private","x-xss-protection":"0","x-frame-options":"SAMEORIGIN","x-content-type-options":"nosniff","alt-svc":"h3-29=\":443\"; ma=2592000,h3-T051=\":443\"; ma=2592000,h3-Q050=\":443\"; ma=2592000,h3-Q046=\":443\"; ma=2592000,h3-Q043=\":443\"; ma=2592000,quic=\":443\"; ma=2592000; v=\"46,43\"","accept-ranges":"none","transfer-encoding":"chunked"}
[debug] [2021-04-26T00:06:42.992Z] >>> HTTP REQUEST GET https://cloudfunctions.googleapis.com/v1/operations/Y2xvbmUtYzY1MjcvdXMtY2VudHJhbDEvYXBpL0pmQlpWVUZYZGFB  
 
[debug] [2021-04-26T00:06:43.234Z] <<< HTTP RESPONSE 200 {"content-type":"application/json; charset=UTF-8","vary":"X-Origin, Referer, Origin,Accept-Encoding","date":"Mon, 26 Apr 2021 00:06:42 GMT","server":"ESF","cache-control":"private","x-xss-protection":"0","x-frame-options":"SAMEORIGIN","x-content-type-options":"nosniff","alt-svc":"h3-29=\":443\"; ma=2592000,h3-T051=\":443\"; ma=2592000,h3-Q050=\":443\"; ma=2592000,h3-Q046=\":443\"; ma=2592000,h3-Q043=\":443\"; ma=2592000,quic=\":443\"; ma=2592000; v=\"46,43\"","accept-ranges":"none","transfer-encoding":"chunked"}
[debug] [2021-04-26T00:06:45.237Z] >>> HTTP REQUEST GET https://cloudfunctions.googleapis.com/v1/operations/Y2xvbmUtYzY1MjcvdXMtY2VudHJhbDEvYXBpL0pmQlpWVUZYZGFB  
 
[debug] [2021-04-26T00:06:45.453Z] <<< HTTP RESPONSE 200 {"content-type":"application/json; charset=UTF-8","vary":"X-Origin, Referer, Origin,Accept-Encoding","date":"Mon, 26 Apr 2021 00:06:45 GMT","server":"ESF","cache-control":"private","x-xss-protection":"0","x-frame-options":"SAMEORIGIN","x-content-type-options":"nosniff","alt-svc":"h3-29=\":443\"; ma=2592000,h3-T051=\":443\"; ma=2592000,h3-Q050=\":443\"; ma=2592000,h3-Q046=\":443\"; ma=2592000,h3-Q043=\":443\"; ma=2592000,quic=\":443\"; ma=2592000; v=\"46,43\"","accept-ranges":"none","transfer-encoding":"chunked"}
[debug] [2021-04-26T00:06:47.455Z] >>> HTTP REQUEST GET https://cloudfunctions.googleapis.com/v1/operations/Y2xvbmUtYzY1MjcvdXMtY2VudHJhbDEvYXBpL0pmQlpWVUZYZGFB  
 
[debug] [2021-04-26T00:06:47.678Z] <<< HTTP RESPONSE 200 {"content-type":"application/json; charset=UTF-8","vary":"X-Origin, Referer, Origin,Accept-Encoding","date":"Mon, 26 Apr 2021 00:06:47 GMT","server":"ESF","cache-control":"private","x-xss-protection":"0","x-frame-options":"SAMEORIGIN","x-content-type-options":"nosniff","alt-svc":"h3-29=\":443\"; ma=2592000,h3-T051=\":443\"; ma=2592000,h3-Q050=\":443\"; ma=2592000,h3-Q046=\":443\"; ma=2592000,h3-Q043=\":443\"; ma=2592000,quic=\":443\"; ma=2592000; v=\"46,43\"","accept-ranges":"none","transfer-encoding":"chunked"}
[debug] [2021-04-26T00:06:49.680Z] >>> HTTP REQUEST GET https://cloudfunctions.googleapis.com/v1/operations/Y2xvbmUtYzY1MjcvdXMtY2VudHJhbDEvYXBpL0pmQlpWVUZYZGFB  
 
[debug] [2021-04-26T00:06:49.890Z] <<< HTTP RESPONSE 200 {"content-type":"application/json; charset=UTF-8","vary":"X-Origin, Referer, Origin,Accept-Encoding","date":"Mon, 26 Apr 2021 00:06:49 GMT","server":"ESF","cache-control":"private","x-xss-protection":"0","x-frame-options":"SAMEORIGIN","x-content-type-options":"nosniff","alt-svc":"h3-29=\":443\"; ma=2592000,h3-T051=\":443\"; ma=2592000,h3-Q050=\":443\"; ma=2592000,h3-Q046=\":443\"; ma=2592000,h3-Q043=\":443\"; ma=2592000,quic=\":443\"; ma=2592000; v=\"46,43\"","accept-ranges":"none","transfer-encoding":"chunked"}
[debug] [2021-04-26T00:06:51.896Z] >>> HTTP REQUEST GET https://cloudfunctions.googleapis.com/v1/operations/Y2xvbmUtYzY1MjcvdXMtY2VudHJhbDEvYXBpL0pmQlpWVUZYZGFB  
 
[debug] [2021-04-26T00:06:52.103Z] <<< HTTP RESPONSE 200 {"content-type":"application/json; charset=UTF-8","vary":"X-Origin, Referer, Origin,Accept-Encoding","date":"Mon, 26 Apr 2021 00:06:51 GMT","server":"ESF","cache-control":"private","x-xss-protection":"0","x-frame-options":"SAMEORIGIN","x-content-type-options":"nosniff","alt-svc":"h3-29=\":443\"; ma=2592000,h3-T051=\":443\"; ma=2592000,h3-Q050=\":443\"; ma=2592000,h3-Q046=\":443\"; ma=2592000,h3-Q043=\":443\"; ma=2592000,quic=\":443\"; ma=2592000; v=\"46,43\"","accept-ranges":"none","transfer-encoding":"chunked"}
[debug] [2021-04-26T00:06:54.103Z] >>> HTTP REQUEST GET https://cloudfunctions.googleapis.com/v1/operations/Y2xvbmUtYzY1MjcvdXMtY2VudHJhbDEvYXBpL0pmQlpWVUZYZGFB  
 
[debug] [2021-04-26T00:06:54.304Z] <<< HTTP RESPONSE 200 {"content-type":"application/json; charset=UTF-8","vary":"X-Origin, Referer, Origin,Accept-Encoding","date":"Mon, 26 Apr 2021 00:06:53 GMT","server":"ESF","cache-control":"private","x-xss-protection":"0","x-frame-options":"SAMEORIGIN","x-content-type-options":"nosniff","alt-svc":"h3-29=\":443\"; ma=2592000,h3-T051=\":443\"; ma=2592000,h3-Q050=\":443\"; ma=2592000,h3-Q046=\":443\"; ma=2592000,h3-Q043=\":443\"; ma=2592000,quic=\":443\"; ma=2592000; v=\"46,43\"","accept-ranges":"none","transfer-encoding":"chunked"}
[debug] [2021-04-26T00:06:56.305Z] >>> HTTP REQUEST GET https://cloudfunctions.googleapis.com/v1/operations/Y2xvbmUtYzY1MjcvdXMtY2VudHJhbDEvYXBpL0pmQlpWVUZYZGFB  
 
[debug] [2021-04-26T00:06:56.506Z] <<< HTTP RESPONSE 200 {"content-type":"application/json; charset=UTF-8","vary":"X-Origin, Referer, Origin,Accept-Encoding","date":"Mon, 26 Apr 2021 00:06:56 GMT","server":"ESF","cache-control":"private","x-xss-protection":"0","x-frame-options":"SAMEORIGIN","x-content-type-options":"nosniff","alt-svc":"h3-29=\":443\"; ma=2592000,h3-T051=\":443\"; ma=2592000,h3-Q050=\":443\"; ma=2592000,h3-Q046=\":443\"; ma=2592000,h3-Q043=\":443\"; ma=2592000,quic=\":443\"; ma=2592000; v=\"46,43\"","accept-ranges":"none","transfer-encoding":"chunked"}
[debug] [2021-04-26T00:06:58.508Z] >>> HTTP REQUEST GET https://cloudfunctions.googleapis.com/v1/operations/Y2xvbmUtYzY1MjcvdXMtY2VudHJhbDEvYXBpL0pmQlpWVUZYZGFB  
 
[debug] [2021-04-26T00:06:58.713Z] <<< HTTP RESPONSE 200 {"content-type":"application/json; charset=UTF-8","vary":"X-Origin, Referer, Origin,Accept-Encoding","date":"Mon, 26 Apr 2021 00:06:58 GMT","server":"ESF","cache-control":"private","x-xss-protection":"0","x-frame-options":"SAMEORIGIN","x-content-type-options":"nosniff","alt-svc":"h3-29=\":443\"; ma=2592000,h3-T051=\":443\"; ma=2592000,h3-Q050=\":443\"; ma=2592000,h3-Q046=\":443\"; ma=2592000,h3-Q043=\":443\"; ma=2592000,quic=\":443\"; ma=2592000; v=\"46,43\"","accept-ranges":"none","transfer-encoding":"chunked"}
[debug] [2021-04-26T00:07:00.713Z] >>> HTTP REQUEST GET https://cloudfunctions.googleapis.com/v1/operations/Y2xvbmUtYzY1MjcvdXMtY2VudHJhbDEvYXBpL0pmQlpWVUZYZGFB  
 
[debug] [2021-04-26T00:07:00.924Z] <<< HTTP RESPONSE 200 {"content-type":"application/json; charset=UTF-8","vary":"X-Origin, Referer, Origin,Accept-Encoding","date":"Mon, 26 Apr 2021 00:07:00 GMT","server":"ESF","cache-control":"private","x-xss-protection":"0","x-frame-options":"SAMEORIGIN","x-content-type-options":"nosniff","alt-svc":"h3-29=\":443\"; ma=2592000,h3-T051=\":443\"; ma=2592000,h3-Q050=\":443\"; ma=2592000,h3-Q046=\":443\"; ma=2592000,h3-Q043=\":443\"; ma=2592000,quic=\":443\"; ma=2592000; v=\"46,43\"","accept-ranges":"none","transfer-encoding":"chunked"}
[debug] [2021-04-26T00:07:02.925Z] >>> HTTP REQUEST GET https://cloudfunctions.googleapis.com/v1/operations/Y2xvbmUtYzY1MjcvdXMtY2VudHJhbDEvYXBpL0pmQlpWVUZYZGFB  
 
[debug] [2021-04-26T00:07:03.025Z] <<< HTTP RESPONSE 200 {"content-type":"application/json; charset=UTF-8","vary":"X-Origin, Referer, Origin,Accept-Encoding","date":"Mon, 26 Apr 2021 00:07:02 GMT","server":"ESF","cache-control":"private","x-xss-protection":"0","x-frame-options":"SAMEORIGIN","x-content-type-options":"nosniff","alt-svc":"h3-29=\":443\"; ma=2592000,h3-T051=\":443\"; ma=2592000,h3-Q050=\":443\"; ma=2592000,h3-Q046=\":443\"; ma=2592000,h3-Q043=\":443\"; ma=2592000,quic=\":443\"; ma=2592000; v=\"46,43\"","accept-ranges":"none","transfer-encoding":"chunked"}
[debug] [2021-04-26T00:07:05.026Z] >>> HTTP REQUEST GET https://cloudfunctions.googleapis.com/v1/operations/Y2xvbmUtYzY1MjcvdXMtY2VudHJhbDEvYXBpL0pmQlpWVUZYZGFB  
 
[debug] [2021-04-26T00:07:05.242Z] <<< HTTP RESPONSE 200 {"content-type":"application/json; charset=UTF-8","vary":"X-Origin, Referer, Origin,Accept-Encoding","date":"Mon, 26 Apr 2021 00:07:04 GMT","server":"ESF","cache-control":"private","x-xss-protection":"0","x-frame-options":"SAMEORIGIN","x-content-type-options":"nosniff","alt-svc":"h3-29=\":443\"; ma=2592000,h3-T051=\":443\"; ma=2592000,h3-Q050=\":443\"; ma=2592000,h3-Q046=\":443\"; ma=2592000,h3-Q043=\":443\"; ma=2592000,quic=\":443\"; ma=2592000; v=\"46,43\"","accept-ranges":"none","transfer-encoding":"chunked"}
[debug] [2021-04-26T00:07:07.244Z] >>> HTTP REQUEST GET https://cloudfunctions.googleapis.com/v1/operations/Y2xvbmUtYzY1MjcvdXMtY2VudHJhbDEvYXBpL0pmQlpWVUZYZGFB  
 
[debug] [2021-04-26T00:07:07.453Z] <<< HTTP RESPONSE 200 {"content-type":"application/json; charset=UTF-8","vary":"X-Origin, Referer, Origin,Accept-Encoding","date":"Mon, 26 Apr 2021 00:07:07 GMT","server":"ESF","cache-control":"private","x-xss-protection":"0","x-frame-options":"SAMEORIGIN","x-content-type-options":"nosniff","alt-svc":"h3-29=\":443\"; ma=2592000,h3-T051=\":443\"; ma=2592000,h3-Q050=\":443\"; ma=2592000,h3-Q046=\":443\"; ma=2592000,h3-Q043=\":443\"; ma=2592000,quic=\":443\"; ma=2592000; v=\"46,43\"","accept-ranges":"none","transfer-encoding":"chunked"}
[debug] [2021-04-26T00:07:09.455Z] >>> HTTP REQUEST GET https://cloudfunctions.googleapis.com/v1/operations/Y2xvbmUtYzY1MjcvdXMtY2VudHJhbDEvYXBpL0pmQlpWVUZYZGFB  
 
[debug] [2021-04-26T00:07:09.674Z] <<< HTTP RESPONSE 200 {"content-type":"application/json; charset=UTF-8","vary":"X-Origin, Referer, Origin,Accept-Encoding","date":"Mon, 26 Apr 2021 00:07:09 GMT","server":"ESF","cache-control":"private","x-xss-protection":"0","x-frame-options":"SAMEORIGIN","x-content-type-options":"nosniff","alt-svc":"h3-29=\":443\"; ma=2592000,h3-T051=\":443\"; ma=2592000,h3-Q050=\":443\"; ma=2592000,h3-Q046=\":443\"; ma=2592000,h3-Q043=\":443\"; ma=2592000,quic=\":443\"; ma=2592000; v=\"46,43\"","accept-ranges":"none","transfer-encoding":"chunked"}
[debug] [2021-04-26T00:07:11.676Z] >>> HTTP REQUEST GET https://cloudfunctions.googleapis.com/v1/operations/Y2xvbmUtYzY1MjcvdXMtY2VudHJhbDEvYXBpL0pmQlpWVUZYZGFB  
 
[debug] [2021-04-26T00:07:11.774Z] <<< HTTP RESPONSE 200 {"content-type":"application/json; charset=UTF-8","vary":"X-Origin, Referer, Origin,Accept-Encoding","date":"Mon, 26 Apr 2021 00:07:11 GMT","server":"ESF","cache-control":"private","x-xss-protection":"0","x-frame-options":"SAMEORIGIN","x-content-type-options":"nosniff","alt-svc":"h3-29=\":443\"; ma=2592000,h3-T051=\":443\"; ma=2592000,h3-Q050=\":443\"; ma=2592000,h3-Q046=\":443\"; ma=2592000,h3-Q043=\":443\"; ma=2592000,quic=\":443\"; ma=2592000; v=\"46,43\"","accept-ranges":"none","transfer-encoding":"chunked"}
[debug] [2021-04-26T00:07:13.776Z] >>> HTTP REQUEST GET https://cloudfunctions.googleapis.com/v1/operations/Y2xvbmUtYzY1MjcvdXMtY2VudHJhbDEvYXBpL0pmQlpWVUZYZGFB  
 
[debug] [2021-04-26T00:07:13.983Z] <<< HTTP RESPONSE 200 {"content-type":"application/json; charset=UTF-8","vary":"X-Origin, Referer, Origin,Accept-Encoding","date":"Mon, 26 Apr 2021 00:07:13 GMT","server":"ESF","cache-control":"private","x-xss-protection":"0","x-frame-options":"SAMEORIGIN","x-content-type-options":"nosniff","alt-svc":"h3-29=\":443\"; ma=2592000,h3-T051=\":443\"; ma=2592000,h3-Q050=\":443\"; ma=2592000,h3-Q046=\":443\"; ma=2592000,h3-Q043=\":443\"; ma=2592000,quic=\":443\"; ma=2592000; v=\"46,43\"","accept-ranges":"none","transfer-encoding":"chunked"}
[debug] [2021-04-26T00:07:15.983Z] >>> HTTP REQUEST GET https://cloudfunctions.googleapis.com/v1/operations/Y2xvbmUtYzY1MjcvdXMtY2VudHJhbDEvYXBpL0pmQlpWVUZYZGFB  
 
[debug] [2021-04-26T00:07:16.191Z] <<< HTTP RESPONSE 200 {"content-type":"application/json; charset=UTF-8","vary":"X-Origin, Referer, Origin,Accept-Encoding","date":"Mon, 26 Apr 2021 00:07:15 GMT","server":"ESF","cache-control":"private","x-xss-protection":"0","x-frame-options":"SAMEORIGIN","x-content-type-options":"nosniff","alt-svc":"h3-29=\":443\"; ma=2592000,h3-T051=\":443\"; ma=2592000,h3-Q050=\":443\"; ma=2592000,h3-Q046=\":443\"; ma=2592000,h3-Q043=\":443\"; ma=2592000,quic=\":443\"; ma=2592000; v=\"46,43\"","accept-ranges":"none","transfer-encoding":"chunked"}
[debug] [2021-04-26T00:07:18.192Z] >>> HTTP REQUEST GET https://cloudfunctions.googleapis.com/v1/operations/Y2xvbmUtYzY1MjcvdXMtY2VudHJhbDEvYXBpL0pmQlpWVUZYZGFB  
 
[debug] [2021-04-26T00:07:18.425Z] <<< HTTP RESPONSE 200 {"content-type":"application/json; charset=UTF-8","vary":"X-Origin, Referer, Origin,Accept-Encoding","date":"Mon, 26 Apr 2021 00:07:18 GMT","server":"ESF","cache-control":"private","x-xss-protection":"0","x-frame-options":"SAMEORIGIN","x-content-type-options":"nosniff","alt-svc":"h3-29=\":443\"; ma=2592000,h3-T051=\":443\"; ma=2592000,h3-Q050=\":443\"; ma=2592000,h3-Q046=\":443\"; ma=2592000,h3-Q043=\":443\"; ma=2592000,quic=\":443\"; ma=2592000; v=\"46,43\"","accept-ranges":"none","transfer-encoding":"chunked"}
[debug] [2021-04-26T00:07:20.427Z] >>> HTTP REQUEST GET https://cloudfunctions.googleapis.com/v1/operations/Y2xvbmUtYzY1MjcvdXMtY2VudHJhbDEvYXBpL0pmQlpWVUZYZGFB  
 
[debug] [2021-04-26T00:07:20.634Z] <<< HTTP RESPONSE 200 {"content-type":"application/json; charset=UTF-8","vary":"X-Origin, Referer, Origin,Accept-Encoding","date":"Mon, 26 Apr 2021 00:07:20 GMT","server":"ESF","cache-control":"private","x-xss-protection":"0","x-frame-options":"SAMEORIGIN","x-content-type-options":"nosniff","alt-svc":"h3-29=\":443\"; ma=2592000,h3-T051=\":443\"; ma=2592000,h3-Q050=\":443\"; ma=2592000,h3-Q046=\":443\"; ma=2592000,h3-Q043=\":443\"; ma=2592000,quic=\":443\"; ma=2592000; v=\"46,43\"","accept-ranges":"none","transfer-encoding":"chunked"}
[debug] [2021-04-26T00:07:22.635Z] >>> HTTP REQUEST GET https://cloudfunctions.googleapis.com/v1/operations/Y2xvbmUtYzY1MjcvdXMtY2VudHJhbDEvYXBpL0pmQlpWVUZYZGFB  
 
[debug] [2021-04-26T00:07:22.840Z] <<< HTTP RESPONSE 200 {"content-type":"application/json; charset=UTF-8","vary":"X-Origin, Referer, Origin,Accept-Encoding","date":"Mon, 26 Apr 2021 00:07:22 GMT","server":"ESF","cache-control":"private","x-xss-protection":"0","x-frame-options":"SAMEORIGIN","x-content-type-options":"nosniff","alt-svc":"h3-29=\":443\"; ma=2592000,h3-T051=\":443\"; ma=2592000,h3-Q050=\":443\"; ma=2592000,h3-Q046=\":443\"; ma=2592000,h3-Q043=\":443\"; ma=2592000,quic=\":443\"; ma=2592000; v=\"46,43\"","accept-ranges":"none","transfer-encoding":"chunked"}
